Configuring authenticate-1.3.3.2...
Building authenticate-1.3.3.2...
Preprocessing library authenticate-1.3.3.2...
[1 of 9] Compiling OpenId2.XRDS     ( OpenId2/XRDS.hs, .stack-work/dist/x86_64-linux/Cabal-1.24.0.0/build/OpenId2/XRDS.o )
[2 of 9] Compiling Web.Authenticate.OpenId.Providers ( Web/Authenticate/OpenId/Providers.hs, .stack-work/dist/x86_64-linux/Cabal-1.24.0.0/build/Web/Authenticate/OpenId/Providers.o )
[3 of 9] Compiling Web.Authenticate.BrowserId ( Web/Authenticate/BrowserId.hs, .stack-work/dist/x86_64-linux/Cabal-1.24.0.0/build/Web/Authenticate/BrowserId.o )

Web/Authenticate/BrowserId.hs:22:1: warning: [-Wredundant-constraints]
    • Redundant constraint: MonadBaseControl IO m
    • In the type signature for:
           checkAssertion :: (MonadResource m, MonadBaseControl IO m) =>
                             Text -> Text -> Manager -> m (Maybe Text)

Web/Authenticate/BrowserId.hs:28:22: warning: [-Wdeprecations]
    In the use of ‘parseUrl’
    (imported from Network.HTTP.Conduit, but defined in http-client-0.4.31.1:Network.HTTP.Client.Request):
    Deprecated: "Please use parseUrlThrow, parseRequest, or parseRequest_ instead"
[4 of 9] Compiling Web.Authenticate.Internal ( Web/Authenticate/Internal.hs, .stack-work/dist/x86_64-linux/Cabal-1.24.0.0/build/Web/Authenticate/Internal.o )
[5 of 9] Compiling OpenId2.Types    ( OpenId2/Types.hs, .stack-work/dist/x86_64-linux/Cabal-1.24.0.0/build/OpenId2/Types.o )
[6 of 9] Compiling OpenId2.Normalization ( OpenId2/Normalization.hs, .stack-work/dist/x86_64-linux/Cabal-1.24.0.0/build/OpenId2/Normalization.o )
[7 of 9] Compiling OpenId2.Discovery ( OpenId2/Discovery.hs, .stack-work/dist/x86_64-linux/Cabal-1.24.0.0/build/OpenId2/Discovery.o )

OpenId2/Discovery.hs:55:1: warning: [-Wredundant-constraints]
    • Redundant constraint: MonadIO m
    • In the type signature for:
           discover :: (MonadBaseControl IO m, MonadIO m, MonadResource m) =>
                       Identifier -> Manager -> m Discovery

OpenId2/Discovery.hs:90:21: warning: [-Wdeprecations]
    In the use of ‘parseUrl’
    (imported from Network.HTTP.Conduit, but defined in http-client-0.4.31.1:Network.HTTP.Client.Request):
    Deprecated: "Please use parseUrlThrow, parseRequest, or parseRequest_ instead"

OpenId2/Discovery.hs:144:1: warning: [-Wredundant-constraints]
    • Redundant constraint: MonadBaseControl IO m
    • In the type signature for:
           discoverHTML :: (MonadResource m, MonadBaseControl IO m) =>
                           Identifier -> Manager -> m (Maybe Discovery)

OpenId2/Discovery.hs:146:21: warning: [-Wdeprecations]
    In the use of ‘parseUrl’
    (imported from Network.HTTP.Conduit, but defined in http-client-0.4.31.1:Network.HTTP.Client.Request):
    Deprecated: "Please use parseUrlThrow, parseRequest, or parseRequest_ instead"
[8 of 9] Compiling Web.Authenticate.OpenId ( Web/Authenticate/OpenId.hs, .stack-work/dist/x86_64-linux/Cabal-1.24.0.0/build/Web/Authenticate/OpenId.o )

Web/Authenticate/OpenId.hs:83:1: warning: [-Wredundant-constraints]
    • Redundant constraint: MonadIO m
    • In the type signature for:
           authenticate :: (MonadBaseControl IO m, MonadResource m,
                            MonadIO m) =>
                           [(Text, Text)] -> Manager -> m (Identifier, [(Text, Text)])

Web/Authenticate/OpenId.hs:99:1: warning: [-Wredundant-constraints]
    • Redundant constraint: MonadIO m
    • In the type signature for:
           authenticateClaimed :: (MonadBaseControl IO m, MonadResource m,
                                   MonadIO m) =>
                                  [(Text, Text)] -> Manager -> m OpenIdResponse

Web/Authenticate/OpenId.hs:127:22: warning: [-Wdeprecations]
    In the use of ‘parseUrl’
    (imported from Network.HTTP.Conduit, but defined in http-client-0.4.31.1:Network.HTTP.Client.Request):
    Deprecated: "Please use parseUrlThrow, parseRequest, or parseRequest_ instead"
[9 of 9] Compiling Web.Authenticate.Rpxnow ( Web/Authenticate/Rpxnow.hs, .stack-work/dist/x86_64-linux/Cabal-1.24.0.0/build/Web/Authenticate/Rpxnow.o )

Web/Authenticate/Rpxnow.hs:52:1: warning: [-Wredundant-constraints]
    • Redundant constraint: MonadBaseControl IO m
    • In the type signature for:
           authenticate :: (MonadResource m, MonadBaseControl IO m) =>
                           String -> String -> Manager -> m Identifier

Web/Authenticate/Rpxnow.hs:64:22: warning: [-Wdeprecations]
    In the use of ‘parseUrl’
    (imported from Network.HTTP.Conduit, but defined in http-client-0.4.31.1:Network.HTTP.Client.Request):
    Deprecated: "Please use parseUrlThrow, parseRequest, or parseRequest_ instead"
Installing library in
/home/ubuntu/.stack/snapshots/x86_64-linux/lts-7.8/8.0.1/lib/x86_64-linux-ghc-8.0.1/authenticate-1.3.3.2-9t6gscs0Cuv9BTz9Y1ELoh
Registering authenticate-1.3.3.2...
