Configuring xml-conduit-1.3.5...
Building xml-conduit-1.3.5...
Preprocessing library xml-conduit-1.3.5...
[1 of 7] Compiling Text.XML.Cursor.Generic ( Text/XML/Cursor/Generic.hs, .stack-work/dist/x86_64-linux/Cabal-1.24.0.0/build/Text/XML/Cursor/Generic.o )
[2 of 7] Compiling Text.XML.Stream.Token ( Text/XML/Stream/Token.hs, .stack-work/dist/x86_64-linux/Cabal-1.24.0.0/build/Text/XML/Stream/Token.o )
[3 of 7] Compiling Text.XML.Stream.Render ( Text/XML/Stream/Render.hs, .stack-work/dist/x86_64-linux/Cabal-1.24.0.0/build/Text/XML/Stream/Render.o )

Text/XML/Stream/Render.hs:32:1: warning: [-Wunused-imports]
    The import of ‘Control.Monad.Trans.Resource’ is redundant
      except perhaps to import instances from ‘Control.Monad.Trans.Resource’
    To import instances alone, use: import Control.Monad.Trans.Resource()

Text/XML/Stream/Render.hs:33:1: warning: [-Wunused-imports]
    The import of ‘Data.ByteString’ is redundant
      except perhaps to import instances from ‘Data.ByteString’
    To import instances alone, use: import Data.ByteString()

Text/XML/Stream/Render.hs:57:1: warning: [-Wmissing-signatures]
    Top-level binding with no type signature:
      renderBytes :: forall (m :: * -> *) (base :: * -> *).
                     (primitive-0.6.1.0:Control.Monad.Primitive.PrimMonad base,
                      transformers-base-0.4.4:Control.Monad.Base.MonadBase base m) =>
                     RenderSettings -> ConduitM Event ByteString m ()

Text/XML/Stream/Render.hs:66:1: warning: [-Wmissing-signatures]
    Top-level binding with no type signature:
      renderText :: forall (m :: * -> *) (base :: * -> *).
                    (primitive-0.6.1.0:Control.Monad.Primitive.PrimMonad base,
                     MonadThrow m,
                     transformers-base-0.4.4:Control.Monad.Base.MonadBase base m) =>
                    RenderSettings -> ConduitM Event Text m ()

Text/XML/Stream/Render.hs:111:18: warning: [-Wname-shadowing]
    This binding for ‘attr’ shadows the existing binding
      defined at Text/XML/Stream/Render.hs:403:1

Text/XML/Stream/Render.hs:383:25: warning: [-Wname-shadowing]
    This binding for ‘content’ shadows the existing binding
      defined at Text/XML/Stream/Render.hs:390:1
[4 of 7] Compiling Text.XML.Stream.Parse ( Text/XML/Stream/Parse.hs, .stack-work/dist/x86_64-linux/Cabal-1.24.0.0/build/Text/XML/Stream/Parse.o )

Text/XML/Stream/Parse.hs:563:5: warning: [-Wname-shadowing]
    This binding for ‘parseText'’ shadows the existing binding
      defined at Text/XML/Stream/Parse.hs:359:1

Text/XML/Stream/Parse.hs:710:20: warning: [-Wname-shadowing]
    This binding for ‘attr’ shadows the existing binding
      defined at Text/XML/Stream/Parse.hs:917:1

Text/XML/Stream/Parse.hs:822:1: warning: [-Wredundant-constraints]
    • Redundant constraint: Monad m
    • In the type signature for:
           orE :: Monad m =>
                  Consumer Event m (Maybe a)
                  -> Consumer Event m (Maybe a) -> Consumer Event m (Maybe a)

Text/XML/Stream/Parse.hs:942:1: warning: [-Wredundant-constraints]
    • Redundant constraint: Monad m
    • In the type signature for:
           many :: Monad m =>
                   Consumer Event m (Maybe a) -> Consumer Event m [a]

Text/XML/Stream/Parse.hs:954:1: warning: [-Wredundant-constraints]
    • Redundant constraint: Monad m
    • In the type signature for:
           manyIgnore :: Monad m =>
                         Consumer Event m (Maybe a)
                         -> Consumer Event m (Maybe ()) -> Consumer Event m [a]
[5 of 7] Compiling Text.XML.Unresolved ( Text/XML/Unresolved.hs, .stack-work/dist/x86_64-linux/Cabal-1.24.0.0/build/Text/XML/Unresolved.o )

Text/XML/Unresolved.hs:130:1: warning: [-Wmissing-signatures]
    Top-level binding with no type signature:
      renderBytes :: forall (m :: * -> *) a (base :: * -> *).
                     (primitive-0.6.1.0:Control.Monad.Primitive.PrimMonad base,
                      transformers-base-0.4.4:Control.Monad.Base.MonadBase base m) =>
                     R.RenderSettings -> Document -> ConduitM a ByteString m ()

Text/XML/Unresolved.hs:133:1: warning: [-Wmissing-signatures]
    Top-level binding with no type signature:
      renderText :: forall (m :: * -> *) a (base :: * -> *).
                    (primitive-0.6.1.0:Control.Monad.Primitive.PrimMonad base,
                     MonadThrow m,
                     transformers-base-0.4.4:Control.Monad.Base.MonadBase base m) =>
                    R.RenderSettings -> Document -> ConduitM a Text m ()
[6 of 7] Compiling Text.XML         ( Text/XML.hs, .stack-work/dist/x86_64-linux/Cabal-1.24.0.0/build/Text/XML.o )

Text/XML.hs:112:1: warning: [-Wunused-imports]
    The import of ‘Control.Monad.Trans.Resource’ is redundant
      except perhaps to import instances from ‘Control.Monad.Trans.Resource’
    To import instances alone, use: import Control.Monad.Trans.Resource()

Text/XML.hs:285:1: warning: [-Wmissing-signatures]
    Top-level binding with no type signature:
      renderBytes :: forall (m :: * -> *) a (base :: * -> *).
                     (primitive-0.6.1.0:Control.Monad.Primitive.PrimMonad base,
                      transformers-base-0.4.4:Control.Monad.Base.MonadBase base m) =>
                     R.RenderSettings -> Document -> ConduitM a ByteString m ()
[7 of 7] Compiling Text.XML.Cursor  ( Text/XML/Cursor.hs, .stack-work/dist/x86_64-linux/Cabal-1.24.0.0/build/Text/XML/Cursor.o )
Installing library in
/home/ubuntu/.stack/snapshots/x86_64-linux/lts-7.8/8.0.1/lib/x86_64-linux-ghc-8.0.1/xml-conduit-1.3.5-APYM6zw40uCK4zFzx6IyEA
Registering xml-conduit-1.3.5...
