Configuring yesod-auth-1.4.13.5...
Building yesod-auth-1.4.13.5...
Preprocessing library yesod-auth-1.4.13.5...
[ 1 of 12] Compiling Yesod.PasswordStore ( Yesod/PasswordStore.hs, .stack-work/dist/x86_64-linux/Cabal-1.24.0.0/build/Yesod/PasswordStore.o )

Yesod/PasswordStore.hs:166:30: warning: [-Wtype-defaults]
    • Defaulting the following constraints to type ‘Integer’
        (Integral b0)
          arising from a use of ‘^’ at Yesod/PasswordStore.hs:166:30-33
        (Num b0)
          arising from the literal ‘32’ at Yesod/PasswordStore.hs:166:32-33
    • In the first argument of ‘(-)’, namely ‘2 ^ 32’
      In the first argument of ‘(*)’, namely ‘(2 ^ 32 - 1)’
      In the second argument of ‘(>)’, namely ‘(2 ^ 32 - 1) * hLen’

Yesod/PasswordStore.hs:419:1: warning: [-Wunused-top-binds]
    Defined but not used: ‘toStrict’

Yesod/PasswordStore.hs:422:1: warning: [-Wunused-top-binds]
    Defined but not used: ‘fromStrict’
[ 2 of 12] Compiling Yesod.Auth.Message ( Yesod/Auth/Message.hs, .stack-work/dist/x86_64-linux/Cabal-1.24.0.0/build/Yesod/Auth/Message.o )

Yesod/Auth/Message.hs:459:1: warning: [-Wincomplete-patterns]
    Pattern match(es) are non-exhaustive
    In an equation for ‘finnishMessage’:
        Patterns not matched: CurrentPassword

Yesod/Auth/Message.hs:466:1: warning: [-Woverlapping-patterns]
    Pattern match is redundant
    In an equation for ‘finnishMessage’: finnishMessage Password = ...

Yesod/Auth/Message.hs:698:1: warning: [-Wunused-top-binds]
    Defined but not used: ‘croatianMessage’
[ 3 of 12] Compiling Yesod.Auth.Routes ( Yesod/Auth/Routes.hs, .stack-work/dist/x86_64-linux/Cabal-1.24.0.0/build/Yesod/Auth/Routes.o )
[ 4 of 12] Compiling Yesod.Auth       ( Yesod/Auth.hs, .stack-work/dist/x86_64-linux/Cabal-1.24.0.0/build/Yesod/Auth.o )

Yesod/Auth.hs:170:5: warning: [-Wredundant-constraints]
    • Redundant constraint: YesodAuth master
    • In the type signature for:
           loginHandler :: (YesodAuth master, YesodAuth master) =>
                           HandlerT Auth (HandlerT master IO) Html
      In the ambiguity check for ‘loginHandler’
      To defer the ambiguity check to use sites, enable AllowAmbiguousTypes
      When checking the class method:
        loginHandler :: forall master.
                        YesodAuth master =>
                        AuthHandler master Html
[ 5 of 12] Compiling Yesod.Auth.BrowserId ( Yesod/Auth/BrowserId.hs, .stack-work/dist/x86_64-linux/Cabal-1.24.0.0/build/Yesod/Auth/BrowserId.o )
[ 6 of 12] Compiling Yesod.Auth.Dummy ( Yesod/Auth/Dummy.hs, .stack-work/dist/x86_64-linux/Cabal-1.24.0.0/build/Yesod/Auth/Dummy.o )
[ 7 of 12] Compiling Yesod.Auth.Email ( Yesod/Auth/Email.hs, .stack-work/dist/x86_64-linux/Cabal-1.24.0.0/build/Yesod/Auth/Email.o )

Yesod/Auth/Email.hs:110:48: warning: [-Wunused-top-binds]
    Defined but not used: ‘forgotEmail’

Yesod/Auth/Email.hs:111:36: warning: [-Wunused-top-binds]
    Defined but not used: ‘passwordCurrent’

Yesod/Auth/Email.hs:111:61: warning: [-Wunused-top-binds]
    Defined but not used: ‘passwordNew’

Yesod/Auth/Email.hs:111:82: warning: [-Wunused-top-binds]
    Defined but not used: ‘passwordConfirm’

Yesod/Auth/Email.hs:112:28: warning: [-Wunused-top-binds]
    Defined but not used: ‘email’

Yesod/Auth/Email.hs:113:38: warning: [-Wunused-top-binds]
    Defined but not used: ‘loginEmail’

Yesod/Auth/Email.hs:113:58: warning: [-Wunused-top-binds]
    Defined but not used: ‘loginPassword’

Yesod/Auth/Email.hs:238:5: warning: [-Wredundant-constraints]
    • Redundant constraint: YesodAuth site
    • In the type signature for:
           registerHandler :: (YesodAuthEmail site, YesodAuth site) =>
                              HandlerT Auth (HandlerT site IO) Html
      In the ambiguity check for ‘registerHandler’
      To defer the ambiguity check to use sites, enable AllowAmbiguousTypes
      When checking the class method:
        registerHandler :: forall site.
                           YesodAuthEmail site =>
                           AuthHandler site Html

Yesod/Auth/Email.hs:248:5: warning: [-Wredundant-constraints]
    • Redundant constraint: YesodAuth site
    • In the type signature for:
           forgotPasswordHandler :: (YesodAuthEmail site, YesodAuth site) =>
                                    HandlerT Auth (HandlerT site IO) Html
      In the ambiguity check for ‘forgotPasswordHandler’
      To defer the ambiguity check to use sites, enable AllowAmbiguousTypes
      When checking the class method:
        forgotPasswordHandler :: forall site.
                                 YesodAuthEmail site =>
                                 AuthHandler site Html

Yesod/Auth/Email.hs:258:5: warning: [-Wredundant-constraints]
    • Redundant constraint: YesodAuth site
    • In the type signature for:
           setPasswordHandler :: (YesodAuthEmail site, YesodAuth site) =>
                                 Bool -> HandlerT Auth (HandlerT site IO) TypedContent
      In the ambiguity check for ‘setPasswordHandler’
      To defer the ambiguity check to use sites, enable AllowAmbiguousTypes
      When checking the class method:
        setPasswordHandler :: forall site.
                              YesodAuthEmail site =>
                              Bool -> AuthHandler site TypedContent

Yesod/Auth/Email.hs:265:5: warning: [-Wredundant-constraints]
    • Redundant constraint: YesodAuth site
    • In the type signature for:
           setPasswordHandler :: YesodAuth site =>
                                 Bool -> HandlerT Auth (HandlerT site IO) TypedContent

Yesod/Auth/Email.hs:289:18: warning: [-Wunused-matches]
    Defined but not used: ‘enctype’

Yesod/Auth/Email.hs:345:1: warning: [-Wredundant-constraints]
    • Redundant constraint: YesodAuth master
    • In the type signature for:
           defaultRegisterHandler :: (YesodAuthEmail master,
                                      YesodAuth master) =>
                                     HandlerT Auth (HandlerT master IO) Html

Yesod/Auth/Email.hs:402:57: warning: [-Wname-shadowing]
    This binding for ‘email’ shadows the existing binding
      defined at Yesod/Auth/Email.hs:112:28

Yesod/Auth/Email.hs:403:54: warning: [-Wname-shadowing]
    This binding for ‘email’ shadows the existing binding
      defined at Yesod/Auth/Email.hs:112:28

Yesod/Auth/Email.hs:416:36: warning: [-Wname-shadowing]
    This binding for ‘email’ shadows the existing binding
      defined at Yesod/Auth/Email.hs:112:28

Yesod/Auth/Email.hs:431:1: warning: [-Wredundant-constraints]
    • Redundant constraint: YesodAuth master
    • In the type signature for:
           defaultForgotPasswordHandler :: (YesodAuthEmail master,
                                            YesodAuth master) =>
                                           HandlerT Auth (HandlerT master IO) Html

Yesod/Auth/Email.hs:478:21: warning: [-Wname-shadowing]
    This binding for ‘email’ shadows the existing binding
      defined at Yesod/Auth/Email.hs:112:28

Yesod/Auth/Email.hs:513:29: warning: [-Wname-shadowing]
    This binding for ‘email’ shadows the existing binding
      defined at Yesod/Auth/Email.hs:112:28

Yesod/Auth/Email.hs:524:14: warning: [-Wname-shadowing]
    This binding for ‘email’ shadows the existing binding
      defined at Yesod/Auth/Email.hs:112:28

Yesod/Auth/Email.hs:548:1: warning: [-Wredundant-constraints]
    • Redundant constraint: YesodAuth master
    • In the type signature for:
           defaultSetPasswordHandler :: YesodAuth master =>
                                        Bool -> HandlerT Auth (HandlerT master IO) TypedContent

Yesod/Auth/Email.hs:554:22: warning: [-Wunused-matches]
    Defined but not used: ‘enctype’

Yesod/Auth/Email.hs:562:21: warning: [-Wname-shadowing]
    This binding for ‘needOld’ shadows the existing binding
      bound at Yesod/Auth/Email.hs:548:27

Yesod/Auth/Email.hs:707:1: warning: [-Wredundant-constraints]
    • Redundant constraint: HandlerSite m ~ site
    • In the type signature for:
           setLoginLinkKey :: (YesodAuthEmail site, MonadHandler m,
                               HandlerSite m ~ site) =>
                              AuthId site -> m ()
[ 8 of 12] Compiling Yesod.Auth.OpenId ( Yesod/Auth/OpenId.hs, .stack-work/dist/x86_64-linux/Cabal-1.24.0.0/build/Yesod/Auth/OpenId.o )
[ 9 of 12] Compiling Yesod.Auth.Rpxnow ( Yesod/Auth/Rpxnow.hs, .stack-work/dist/x86_64-linux/Cabal-1.24.0.0/build/Yesod/Auth/Rpxnow.o )
[10 of 12] Compiling Yesod.Auth.GoogleEmail ( Yesod/Auth/GoogleEmail.hs, .stack-work/dist/x86_64-linux/Cabal-1.24.0.0/build/Yesod/Auth/GoogleEmail.o )

Yesod/Auth/GoogleEmail.hs:75:1: warning: [-Wredundant-constraints]
    • Redundant constraint: YesodAuth master
    • In the type signature for:
           completeHelper :: YesodAuth master =>
                             [(Text, Text)] -> HandlerT Auth (HandlerT master IO) TypedContent
[11 of 12] Compiling Yesod.Auth.GoogleEmail2 ( Yesod/Auth/GoogleEmail2.hs, .stack-work/dist/x86_64-linux/Cabal-1.24.0.0/build/Yesod/Auth/GoogleEmail2.o )

Yesod/Auth/GoogleEmail2.hs:56:1: warning: [-Wunused-imports]
    The import of ‘authRoute’ from module ‘Yesod.Core’ is redundant

Yesod/Auth/GoogleEmail2.hs:209:26: warning: [-Wdeprecations]
    In the use of ‘parseUrl’
    (imported from Network.HTTP.Client, but defined in http-client-0.4.31.1:Network.HTTP.Client.Request):
    Deprecated: "Please use parseUrlThrow, parseRequest, or parseRequest_ instead"

Yesod/Auth/GoogleEmail2.hs:267:23: warning: [-Wdeprecations]
    In the use of ‘parseUrl’
    (imported from Network.HTTP.Client, but defined in http-client-0.4.31.1:Network.HTTP.Client.Request):
    Deprecated: "Please use parseUrlThrow, parseRequest, or parseRequest_ instead"
[12 of 12] Compiling Yesod.Auth.Hardcoded ( Yesod/Auth/Hardcoded.hs, .stack-work/dist/x86_64-linux/Cabal-1.24.0.0/build/Yesod/Auth/Hardcoded.o )
Installing library in
/home/ubuntu/.stack/snapshots/x86_64-linux/lts-7.8/8.0.1/lib/x86_64-linux-ghc-8.0.1/yesod-auth-1.4.13.5-HfbpduEdLHE4mCVgeodHjw
Registering yesod-auth-1.4.13.5...
