Configuring yesod-1.4.3...
Building yesod-1.4.3...
Preprocessing library yesod-1.4.3...
[1 of 6] Compiling Yesod.Default.Handlers ( Yesod/Default/Handlers.hs, .stack-work/dist/x86_64-linux/Cabal-1.24.0.0/build/Yesod/Default/Handlers.o )
[2 of 6] Compiling Yesod.Default.Util ( Yesod/Default/Util.hs, .stack-work/dist/x86_64-linux/Cabal-1.24.0.0/build/Yesod/Default/Util.o )
[3 of 6] Compiling Yesod.Default.Config2 ( Yesod/Default/Config2.hs, .stack-work/dist/x86_64-linux/Cabal-1.24.0.0/build/Yesod/Default/Config2.o )
[4 of 6] Compiling Yesod.Default.Config ( Yesod/Default/Config.hs, .stack-work/dist/x86_64-linux/Cabal-1.24.0.0/build/Yesod/Default/Config.o )
[5 of 6] Compiling Yesod.Default.Main ( Yesod/Default/Main.hs, .stack-work/dist/x86_64-linux/Cabal-1.24.0.0/build/Yesod/Default/Main.o )

Yesod/Default/Main.hs:44:1: warning: [-Wredundant-constraints]
    • Redundant constraints: (Show env, Read env)
    • In the type signature for:
           defaultMain :: (Show env, Read env) =>
                          IO (AppConfig env extra)
                          -> (AppConfig env extra -> IO Application) -> IO ()

Yesod/Default/Main.hs:63:1: warning: [-Wredundant-constraints]
    • Redundant constraints: (Show env, Read env)
    • In the type signature for:
           defaultMainLog :: (Show env, Read env) =>
                             IO (AppConfig env extra)
                             -> (AppConfig env extra -> IO (Application, LogFunc)) -> IO ()

Yesod/Default/Main.hs:115:1: warning: [-Wredundant-constraints]
    • Redundant constraints: (Show env, Read env)
    • In the type signature for:
           defaultDevelApp :: (Show env, Read env) =>
                              IO (AppConfig env extra)
                              -> (AppConfig env extra -> IO Application) -> IO (Int, Application)
[6 of 6] Compiling Yesod            ( Yesod.hs, .stack-work/dist/x86_64-linux/Cabal-1.24.0.0/build/Yesod.o )
Installing library in
/home/ubuntu/.stack/snapshots/x86_64-linux/lts-7.8/8.0.1/lib/x86_64-linux-ghc-8.0.1/yesod-1.4.3-EnOaKbFAVqhLofhstJTWjL
Registering yesod-1.4.3...
