Configuring yesod-form-1.4.8...
Building yesod-form-1.4.8...
Preprocessing library yesod-form-1.4.8...
[ 1 of 20] Compiling Yesod.Form.Types ( Yesod/Form/Types.hs, .stack-work/dist/x86_64-linux/Cabal-1.24.0.0/build/Yesod/Form/Types.o )

Yesod/Form/Types.hs:38:1: warning: [-Wunused-imports]
    The import of ‘Data.Traversable’ is redundant
      except perhaps to import instances from ‘Data.Traversable’
    To import instances alone, use: import Data.Traversable()

Yesod/Form/Types.hs:39:1: warning: [-Wunused-imports]
    The import of ‘Data.Foldable’ is redundant
      except perhaps to import instances from ‘Data.Foldable’
    To import instances alone, use: import Data.Foldable()

Yesod/Form/Types.hs:71:19: warning: [-Wunused-matches]
    Defined but not used: ‘errs’
[ 2 of 20] Compiling Yesod.Form.Functions ( Yesod/Form/Functions.hs, .stack-work/dist/x86_64-linux/Cabal-1.24.0.0/build/Yesod/Form/Functions.o )

Yesod/Form/Functions.hs:248:1: warning: [-Wredundant-constraints]
    • Redundant constraint: MonadResource m
    • In the type signature for:
           postEnv :: (MonadHandler m, MonadResource m) =>
                      m (Maybe (Env, FileEnv))

Yesod/Form/Functions.hs:283:1: warning: [-Wredundant-constraints]
    • Redundant constraint: RenderMessage (HandlerSite m) FormMessage
    • In the type signature for:
           generateFormGet' :: (RenderMessage (HandlerSite m) FormMessage,
                                MonadHandler m) =>
                               (Markup -> MForm m (FormResult a, xml)) -> m (xml, Enctype)
[ 3 of 20] Compiling Yesod.Form.Input ( Yesod/Form/Input.hs, .stack-work/dist/x86_64-linux/Cabal-1.24.0.0/build/Yesod/Form/Input.o )
[ 4 of 20] Compiling Yesod.Form.Bootstrap3 ( Yesod/Form/Bootstrap3.hs, .stack-work/dist/x86_64-linux/Cabal-1.24.0.0/build/Yesod/Form/Bootstrap3.o )
[ 5 of 20] Compiling Yesod.Form.I18n.English ( Yesod/Form/I18n/English.hs, .stack-work/dist/x86_64-linux/Cabal-1.24.0.0/build/Yesod/Form/I18n/English.o )
[ 6 of 20] Compiling Yesod.Form.Fields ( Yesod/Form/Fields.hs, .stack-work/dist/x86_64-linux/Cabal-1.24.0.0/build/Yesod/Form/Fields.o )

Yesod/Form/Fields.hs:66:1: warning: [-Wunused-imports]
    The import of ‘Text.Hamlet’ is redundant
      except perhaps to import instances from ‘Text.Hamlet’
    To import instances alone, use: import Text.Hamlet()

Yesod/Form/Fields.hs:71:1: warning: [-Wunused-imports]
    The import of ‘Text.Cassius’ is redundant
      except perhaps to import instances from ‘Text.Cassius’
    To import instances alone, use: import Text.Cassius()

Yesod/Form/Fields.hs:91:1: warning: [-Wunused-imports]
    The import of ‘Database.Persist’ is redundant
      except perhaps to import instances from ‘Database.Persist’
    To import instances alone, use: import Database.Persist()

Yesod/Form/Fields.hs:103:1: warning: [-Wunused-imports]
    The import of ‘PersistEntity, PersistQuery’
    from module ‘Yesod.Persist’ is redundant

Yesod/Form/Fields.hs:451:1: warning: [-Wredundant-constraints]
    • Redundant constraint: RenderMessage site FormMessage
    • In the type signature for:
           multiSelectField :: (Eq a, RenderMessage site FormMessage) =>
                               HandlerT site IO (OptionList a) -> Field (HandlerT site IO) [a]

Yesod/Form/Fields.hs:493:31: warning: [-Wunused-matches]
    Defined but not used: ‘isReq’

Yesod/Form/Fields.hs:575:1: warning: [-Wredundant-constraints]
    • Redundant constraint: RenderMessage (HandlerSite m) FormMessage
    • In the type signature for:
           checkBoxField :: (Monad m,
                             RenderMessage (HandlerSite m) FormMessage) =>
                            Field m Bool

Yesod/Form/Fields.hs:763:1: warning: [-Wredundant-constraints]
    • Redundant constraint: RenderMessage (HandlerSite m) FormMessage
    • In the type signature for:
           fileField :: (Monad m,
                         RenderMessage (HandlerSite m) FormMessage) =>
                        Field m FileInfo

Yesod/Form/Fields.hs:808:1: warning: [-Wredundant-constraints]
    • Redundant constraint: RenderMessage (HandlerSite m) FormMessage
    • In the type signature for:
           fileAFormOpt :: (MonadHandler m,
                            RenderMessage (HandlerSite m) FormMessage) =>
                           FieldSettings (HandlerSite m) -> AForm m (Maybe FileInfo)
[ 7 of 20] Compiling Yesod.Form.MassInput ( Yesod/Form/MassInput.hs, .stack-work/dist/x86_64-linux/Cabal-1.24.0.0/build/Yesod/Form/MassInput.o )

Yesod/Form/MassInput.hs:47:1: warning: [-Wredundant-constraints]
    • Redundant constraint: m ~ HandlerT site IO
    • In the type signature for:
           inputList :: (m ~ HandlerT site IO, xml ~ WidgetT site IO (),
                         RenderMessage site FormMessage) =>
                        Html
                        -> ([[FieldView site]] -> xml)
                        -> (Maybe a -> AForm (HandlerT site IO) a)
                        -> Maybe [a]
                        -> AForm (HandlerT site IO) [a]

Yesod/Form/MassInput.hs:122:1: warning: [-Wredundant-constraints]
    • Redundant constraint: xml ~ WidgetT site IO ()
    • In the type signature for:
           fixme :: xml ~ WidgetT site IO () =>
                    [Either xml (FormResult a, [FieldView site])]
                    -> (FormResult [a], [xml], [[FieldView site]])
[ 8 of 20] Compiling Yesod.Form.I18n.Portuguese ( Yesod/Form/I18n/Portuguese.hs, .stack-work/dist/x86_64-linux/Cabal-1.24.0.0/build/Yesod/Form/I18n/Portuguese.o )
[ 9 of 20] Compiling Yesod.Form.I18n.Swedish ( Yesod/Form/I18n/Swedish.hs, .stack-work/dist/x86_64-linux/Cabal-1.24.0.0/build/Yesod/Form/I18n/Swedish.o )
[10 of 20] Compiling Yesod.Form.I18n.German ( Yesod/Form/I18n/German.hs, .stack-work/dist/x86_64-linux/Cabal-1.24.0.0/build/Yesod/Form/I18n/German.o )
[11 of 20] Compiling Yesod.Form.I18n.French ( Yesod/Form/I18n/French.hs, .stack-work/dist/x86_64-linux/Cabal-1.24.0.0/build/Yesod/Form/I18n/French.o )
[12 of 20] Compiling Yesod.Form.I18n.Norwegian ( Yesod/Form/I18n/Norwegian.hs, .stack-work/dist/x86_64-linux/Cabal-1.24.0.0/build/Yesod/Form/I18n/Norwegian.o )
[13 of 20] Compiling Yesod.Form.I18n.Japanese ( Yesod/Form/I18n/Japanese.hs, .stack-work/dist/x86_64-linux/Cabal-1.24.0.0/build/Yesod/Form/I18n/Japanese.o )
[14 of 20] Compiling Yesod.Form.I18n.Czech ( Yesod/Form/I18n/Czech.hs, .stack-work/dist/x86_64-linux/Cabal-1.24.0.0/build/Yesod/Form/I18n/Czech.o )
[15 of 20] Compiling Yesod.Form.I18n.Russian ( Yesod/Form/I18n/Russian.hs, .stack-work/dist/x86_64-linux/Cabal-1.24.0.0/build/Yesod/Form/I18n/Russian.o )
[16 of 20] Compiling Yesod.Form.I18n.Dutch ( Yesod/Form/I18n/Dutch.hs, .stack-work/dist/x86_64-linux/Cabal-1.24.0.0/build/Yesod/Form/I18n/Dutch.o )
[17 of 20] Compiling Yesod.Form.I18n.Spanish ( Yesod/Form/I18n/Spanish.hs, .stack-work/dist/x86_64-linux/Cabal-1.24.0.0/build/Yesod/Form/I18n/Spanish.o )
[18 of 20] Compiling Yesod.Form       ( Yesod/Form.hs, .stack-work/dist/x86_64-linux/Cabal-1.24.0.0/build/Yesod/Form.o )
[19 of 20] Compiling Yesod.Form.Jquery ( Yesod/Form/Jquery.hs, .stack-work/dist/x86_64-linux/Cabal-1.24.0.0/build/Yesod/Form/Jquery.o )
[20 of 20] Compiling Yesod.Form.Nic   ( Yesod/Form/Nic.hs, .stack-work/dist/x86_64-linux/Cabal-1.24.0.0/build/Yesod/Form/Nic.o )
Installing library in
/home/ubuntu/.stack/snapshots/x86_64-linux/lts-7.8/8.0.1/lib/x86_64-linux-ghc-8.0.1/yesod-form-1.4.8-IHwF4i2WVkcEBYXLtH59OI
Registering yesod-form-1.4.8...
